c:\users\henri\source\repos\shakki\shakki\debug\vc141.pdb
c:\users\henri\source\repos\shakki\shakki\debug\vc141.idb
c:\users\henri\source\repos\shakki\shakki\debug\asema.obj
c:\users\henri\source\repos\shakki\shakki\debug\kayttoliittyma.obj
c:\users\henri\source\repos\shakki\shakki\debug\main.obj
c:\users\henri\source\repos\shakki\shakki\debug\nappula.obj
c:\users\henri\source\repos\shakki\shakki\debug\ruutu.obj
c:\users\henri\source\repos\shakki\shakki\debug\siirto.obj
c:\users\henri\source\repos\shakki\debug\shakki.ilk
c:\users\henri\source\repos\shakki\debug\shakki.exe
c:\users\henri\source\repos\shakki\debug\shakki.pdb
c:\users\henri\source\repos\shakki\shakki\debug\shakki.res
c:\users\henri\source\repos\shakki\shakki\debug\shakki.tlog\cl.command.1.tlog
c:\users\henri\source\repos\shakki\shakki\debug\shakki.tlog\cl.read.1.tlog
c:\users\henri\source\repos\shakki\shakki\debug\shakki.tlog\cl.write.1.tlog
c:\users\henri\source\repos\shakki\shakki\debug\shakki.tlog\link.command.1.tlog
c:\users\henri\source\repos\shakki\shakki\debug\shakki.tlog\link.read.1.tlog
c:\users\henri\source\repos\shakki\shakki\debug\shakki.tlog\link.write.1.tlog
c:\users\henri\source\repos\shakki\shakki\debug\shakki.tlog\rc.command.1.tlog
c:\users\henri\source\repos\shakki\shakki\debug\shakki.tlog\rc.read.1.tlog
c:\users\henri\source\repos\shakki\shakki\debug\shakki.tlog\rc.write.1.tlog
